Traceback (most recent call last):
  File "C:\Users\nikol\anaconda3\envs\pyjedai391\lib\site-packages\jupyter_cache\executors\utils.py", line 51, in single_nb_execution
    executenb(
  File "C:\Users\nikol\anaconda3\envs\pyjedai391\lib\site-packages\nbclient\client.py", line 1204, in execute
    return NotebookClient(nb=nb, resources=resources, km=km, **kwargs).execute()
  File "C:\Users\nikol\anaconda3\envs\pyjedai391\lib\site-packages\nbclient\util.py", line 84, in wrapped
    return just_run(coro(*args, **kwargs))
  File "C:\Users\nikol\anaconda3\envs\pyjedai391\lib\site-packages\nbclient\util.py", line 62, in just_run
    return loop.run_until_complete(coro)
  File "C:\Users\nikol\anaconda3\envs\pyjedai391\lib\asyncio\base_events.py", line 642, in run_until_complete
    return future.result()
  File "C:\Users\nikol\anaconda3\envs\pyjedai391\lib\site-packages\nbclient\client.py", line 663, in async_execute
    await self.async_execute_cell(
  File "C:\Users\nikol\anaconda3\envs\pyjedai391\lib\site-packages\nbclient\client.py", line 965, in async_execute_cell
    await self._check_raise_for_error(cell, cell_index, exec_reply)
  File "C:\Users\nikol\anaconda3\envs\pyjedai391\lib\site-packages\nbclient\client.py", line 862, in _check_raise_for_error
    raise CellExecutionError.from_cell_and_msg(cell, exec_reply_content)
nbclient.exceptions.CellExecutionError: An error occurred while executing the following cell:
------------------
from pyjedai.block_building import (
    StandardBlocking,
    QGramsBlocking,
    ExtendedQGramsBlocking,
    SuffixArraysBlocking,
    ExtendedSuffixArraysBlocking,
)

from pyjedai.vector_based_blocking import EmbeddingsNNBlockBuilding
------------------

[1;31m---------------------------------------------------------------------------[0m
[1;31mImportError[0m                               Traceback (most recent call last)
[1;32m~\AppData\Local\Temp/ipykernel_13656/2299337793.py[0m in [0;36m<module>[1;34m[0m
[0;32m      7[0m )
[0;32m      8[0m [1;33m[0m[0m
[1;32m----> 9[1;33m [1;32mfrom[0m [0mpyjedai[0m[1;33m.[0m[0mvector_based_blocking[0m [1;32mimport[0m [0mEmbeddingsNNBlockBuilding[0m[1;33m[0m[1;33m[0m[0m
[0m
[1;32m~\anaconda3\envs\pyjedai391\lib\site-packages\pyjedai\vector_based_blocking.py[0m in [0;36m<module>[1;34m[0m
[0;32m      4[0m [1;32mfrom[0m [0mtyping[0m [1;32mimport[0m [0mList[0m[1;33m[0m[1;33m[0m[0m
[0;32m      5[0m [1;33m[0m[0m
[1;32m----> 6[1;33m [1;32mimport[0m [0mfaiss[0m[1;33m[0m[1;33m[0m[0m
[0m[0;32m      7[0m [1;32mimport[0m [0mgensim[0m[1;33m.[0m[0mdownloader[0m [1;32mas[0m [0mapi[0m[1;33m[0m[1;33m[0m[0m
[0;32m      8[0m [1;32mimport[0m [0mnumpy[0m [1;32mas[0m [0mnp[0m[1;33m[0m[1;33m[0m[0m

[1;32m~\anaconda3\envs\pyjedai391\lib\site-packages\faiss\__init__.py[0m in [0;36m<module>[1;34m[0m
[0;32m     49[0m [1;33m[0m[0m
[0;32m     50[0m [1;31m# We import * so that the symbol foo can be accessed as faiss.foo.[0m[1;33m[0m[1;33m[0m[1;33m[0m[0m
[1;32m---> 51[1;33m [1;32mfrom[0m [1;33m.[0m[0mloader[0m [1;32mimport[0m [1;33m*[0m[1;33m[0m[1;33m[0m[0m
[0m[0;32m     52[0m [1;33m[0m[0m
[0;32m     53[0m [1;33m[0m[0m

[1;32m~\anaconda3\envs\pyjedai391\lib\site-packages\faiss\loader.py[0m in [0;36m<module>[1;34m[0m
[0;32m     63[0m     [1;31m# we import * so that the symbol X can be accessed as faiss.X[0m[1;33m[0m[1;33m[0m[1;33m[0m[0m
[0;32m     64[0m     [0mlogger[0m[1;33m.[0m[0minfo[0m[1;33m([0m[1;34m"Loading faiss."[0m[1;33m)[0m[1;33m[0m[1;33m[0m[0m
[1;32m---> 65[1;33m     [1;32mfrom[0m [1;33m.[0m[0mswigfaiss[0m [1;32mimport[0m [1;33m*[0m[1;33m[0m[1;33m[0m[0m
[0m[0;32m     66[0m     [0mlogger[0m[1;33m.[0m[0minfo[0m[1;33m([0m[1;34m"Successfully loaded faiss."[0m[1;33m)[0m[1;33m[0m[1;33m[0m[0m

[1;32m~\anaconda3\envs\pyjedai391\lib\site-packages\faiss\swigfaiss.py[0m in [0;36m<module>[1;34m[0m
[0;32m     11[0m [1;31m# Import the low-level C/C++ module[0m[1;33m[0m[1;33m[0m[1;33m[0m[0m
[0;32m     12[0m [1;32mif[0m [0m__package__[0m [1;32mor[0m [1;34m"."[0m [1;32min[0m [0m__name__[0m[1;33m:[0m[1;33m[0m[1;33m[0m[0m
[1;32m---> 13[1;33m     [1;32mfrom[0m [1;33m.[0m [1;32mimport[0m [0m_swigfaiss[0m[1;33m[0m[1;33m[0m[0m
[0m[0;32m     14[0m [1;32melse[0m[1;33m:[0m[1;33m[0m[1;33m[0m[0m
[0;32m     15[0m     [1;32mimport[0m [0m_swigfaiss[0m[1;33m[0m[1;33m[0m[0m

[1;31mImportError[0m: DLL load failed while importing _swigfaiss: The specified module could not be found.
ImportError: DLL load failed while importing _swigfaiss: The specified module could not be found.

